DEBUG - 2025-08-06 01:16:01 --> Session: Class initialized using 'CodeIgniter\Session\Handlers\FileHandler' driver.
DEBUG - 2025-08-06 01:16:34 --> Session: Class initialized using 'CodeIgniter\Session\Handlers\FileHandler' driver.
DEBUG - 2025-08-06 01:16:36 --> Session: Class initialized using 'CodeIgniter\Session\Handlers\FileHandler' driver.
INFO - 2025-08-06 01:17:48 --> CSRF token verified.
DEBUG - 2025-08-06 01:17:49 --> Session: Class initialized using 'CodeIgniter\Session\Handlers\FileHandler' driver.
INFO - 2025-08-06 01:17:53 --> OTP email sent successfully to: egasurya23@gmail.com
INFO - 2025-08-06 01:17:53 --> === VERIFY METHOD ACCESSED ===
INFO - 2025-08-06 01:17:53 --> Request method: GET
INFO - 2025-08-06 01:17:53 --> Request URI: http://localhost/manajemenuser/index.php/register/verify
INFO - 2025-08-06 01:17:53 --> POST data: []
DEBUG - 2025-08-06 01:17:53 --> Session: Class initialized using 'CodeIgniter\Session\Handlers\FileHandler' driver.
INFO - 2025-08-06 01:17:53 --> Register data from session: {"email":"egasurya23@gmail.com","username":"tesotp","nama_lengkap":"tes ega","password":"$2y$10$SzI1dEZR4Fyox9e.DWfEB.LQUWPQ5Ay8NSNW1sGSg90X2yYSkzkHi"}
INFO - 2025-08-06 01:17:53 --> Displaying OTP verification form
INFO - 2025-08-06 01:18:10 --> CSRF token verified.
INFO - 2025-08-06 01:18:10 --> === VERIFY METHOD ACCESSED ===
INFO - 2025-08-06 01:18:10 --> Request method: POST
INFO - 2025-08-06 01:18:10 --> Request URI: http://localhost/manajemenuser/index.php/register/verify
INFO - 2025-08-06 01:18:10 --> POST data: {"otp":"429457"}
DEBUG - 2025-08-06 01:18:10 --> Session: Class initialized using 'CodeIgniter\Session\Handlers\FileHandler' driver.
INFO - 2025-08-06 01:18:10 --> Register data from session: {"email":"egasurya23@gmail.com","username":"tesotp","nama_lengkap":"tes ega","password":"$2y$10$SzI1dEZR4Fyox9e.DWfEB.LQUWPQ5Ay8NSNW1sGSg90X2yYSkzkHi"}
INFO - 2025-08-06 01:18:10 --> POST request detected for OTP verification
INFO - 2025-08-06 01:18:10 --> OTP verification attempt for email: egasurya23@gmail.com with OTP: 429457
INFO - 2025-08-06 01:18:10 --> All OTP records for email egasurya23@gmail.com: [{"id":"2","email":"egasurya23@gmail.com","otp":"884495","expires_at":"2025-08-05 14:12:30","created_at":"2025-08-05 21:02:30.887723"},{"id":"3","email":"egasurya23@gmail.com","otp":"225690","expires_at":"2025-08-05 14:13:17","created_at":"2025-08-05 21:03:17.008002"},{"id":"4","email":"egasurya23@gmail.com","otp":"428034","expires_at":"2025-08-05 15:43:29","created_at":"2025-08-05 22:33:29.32986"},{"id":"5","email":"egasurya23@gmail.com","otp":"441388","expires_at":"2025-08-05 15:50:29","created_at":"2025-08-05 22:40:29.522792"},{"id":"6","email":"egasurya23@gmail.com","otp":"981899","expires_at":"2025-08-05 15:54:28","created_at":"2025-08-05 22:44:28.410236"},{"id":"7","email":"egasurya23@gmail.com","otp":"536449","expires_at":"2025-08-05 15:57:03","created_at":"2025-08-05 22:47:03.85943"},{"id":"8","email":"egasurya23@gmail.com","otp":"771452","expires_at":"2025-08-05 15:58:00","created_at":"2025-08-05 22:48:00.571011"},{"id":"11","email":"egasurya23@gmail.com","otp":"429457","expires_at":"2025-08-06 01:27:49","created_at":"2025-08-06 08:17:49.212979"}]
INFO - 2025-08-06 01:18:10 --> OTP record found: {"id":"11","email":"egasurya23@gmail.com","otp":"429457","expires_at":"2025-08-06 01:27:49","created_at":"2025-08-06 08:17:49.212979"}
INFO - 2025-08-06 01:18:10 --> Database connection successful
INFO - 2025-08-06 01:18:10 --> Database name: manajemenuser_db
INFO - 2025-08-06 01:18:10 --> Users table fields: []
INFO - 2025-08-06 01:18:10 --> Attempting to insert user data: {"email":"egasurya23@gmail.com","username":"tesotp","nama_lengkap":"tes ega","password_hash":"$2y$10$SzI1dEZR4Fyox9e.DWfEB.LQUWPQ5Ay8NSNW1sGSg90X2yYSkzkHi","is_active":true,"is_aktif":1}
INFO - 2025-08-06 01:18:10 --> User successfully created with ID: 5
DEBUG - 2025-08-06 01:18:10 --> Session: Class initialized using 'CodeIgniter\Session\Handlers\FileHandler' driver.
INFO - 2025-08-06 01:19:27 --> CSRF token verified.
DEBUG - 2025-08-06 01:19:27 --> Session: Class initialized using 'CodeIgniter\Session\Handlers\FileHandler' driver.
DEBUG - 2025-08-06 01:19:30 --> Session: Class initialized using 'CodeIgniter\Session\Handlers\FileHandler' driver.
DEBUG - 2025-08-06 01:28:15 --> Session: Class initialized using 'CodeIgniter\Session\Handlers\FileHandler' driver.
DEBUG - 2025-08-06 01:28:17 --> Session: Class initialized using 'CodeIgniter\Session\Handlers\FileHandler' driver.
INFO - 2025-08-06 01:28:48 --> CSRF token verified.
DEBUG - 2025-08-06 01:28:48 --> Session: Class initialized using 'CodeIgniter\Session\Handlers\FileHandler' driver.
INFO - 2025-08-06 01:28:51 --> OTP email sent successfully to: egasuryaaa3@gmail.com
INFO - 2025-08-06 01:28:51 --> === VERIFY METHOD ACCESSED ===
INFO - 2025-08-06 01:28:51 --> Request method: GET
INFO - 2025-08-06 01:28:51 --> Request URI: http://localhost/manajemenuser/index.php/register/verify
INFO - 2025-08-06 01:28:51 --> POST data: []
DEBUG - 2025-08-06 01:28:51 --> Session: Class initialized using 'CodeIgniter\Session\Handlers\FileHandler' driver.
INFO - 2025-08-06 01:28:51 --> Register data from session: {"email":"egasuryaaa3@gmail.com","username":"suryaaa","nama_lengkap":"surya saputra","password":"$2y$10$BEh0qtrKBDnAx693rXlZgeaUGm3HhQRZR0\/8eBJ2Q3tb6dJktb.he"}
INFO - 2025-08-06 01:28:51 --> Displaying OTP verification form
INFO - 2025-08-06 01:29:04 --> CSRF token verified.
INFO - 2025-08-06 01:29:04 --> === VERIFY METHOD ACCESSED ===
INFO - 2025-08-06 01:29:04 --> Request method: POST
INFO - 2025-08-06 01:29:04 --> Request URI: http://localhost/manajemenuser/index.php/register/verify
INFO - 2025-08-06 01:29:04 --> POST data: {"otp":"179929"}
DEBUG - 2025-08-06 01:29:04 --> Session: Class initialized using 'CodeIgniter\Session\Handlers\FileHandler' driver.
INFO - 2025-08-06 01:29:04 --> Register data from session: {"email":"egasuryaaa3@gmail.com","username":"suryaaa","nama_lengkap":"surya saputra","password":"$2y$10$BEh0qtrKBDnAx693rXlZgeaUGm3HhQRZR0\/8eBJ2Q3tb6dJktb.he"}
INFO - 2025-08-06 01:29:04 --> POST request detected for OTP verification
INFO - 2025-08-06 01:29:04 --> OTP verification attempt for email: egasuryaaa3@gmail.com with OTP: 179929
INFO - 2025-08-06 01:29:04 --> All OTP records for email egasuryaaa3@gmail.com: [{"id":"12","email":"egasuryaaa3@gmail.com","otp":"179929","expires_at":"2025-08-06 01:38:48","created_at":"2025-08-06 08:28:48.215552"}]
INFO - 2025-08-06 01:29:04 --> OTP record found: {"id":"12","email":"egasuryaaa3@gmail.com","otp":"179929","expires_at":"2025-08-06 01:38:48","created_at":"2025-08-06 08:28:48.215552"}
INFO - 2025-08-06 01:29:04 --> Database connection successful
INFO - 2025-08-06 01:29:04 --> Database name: manajemenuser_db
INFO - 2025-08-06 01:29:04 --> Users table fields: []
INFO - 2025-08-06 01:29:04 --> Attempting to insert user data: {"email":"egasuryaaa3@gmail.com","username":"suryaaa","nama_lengkap":"surya saputra","password_hash":"$2y$10$BEh0qtrKBDnAx693rXlZgeaUGm3HhQRZR0\/8eBJ2Q3tb6dJktb.he","is_active":true,"is_aktif":1}
INFO - 2025-08-06 01:29:04 --> User successfully created with ID: 6
DEBUG - 2025-08-06 01:29:04 --> Session: Class initialized using 'CodeIgniter\Session\Handlers\FileHandler' driver.
INFO - 2025-08-06 01:29:15 --> CSRF token verified.
DEBUG - 2025-08-06 01:29:15 --> Session: Class initialized using 'CodeIgniter\Session\Handlers\FileHandler' driver.
DEBUG - 2025-08-06 01:33:39 --> Session: Class initialized using 'CodeIgniter\Session\Handlers\FileHandler' driver.
DEBUG - 2025-08-06 01:38:08 --> Session: Class initialized using 'CodeIgniter\Session\Handlers\FileHandler' driver.
INFO - 2025-08-06 01:38:18 --> CSRF token verified.
DEBUG - 2025-08-06 01:38:18 --> Session: Class initialized using 'CodeIgniter\Session\Handlers\FileHandler' driver.
INFO - 2025-08-06 01:39:14 --> CSRF token verified.
DEBUG - 2025-08-06 01:39:14 --> Session: Class initialized using 'CodeIgniter\Session\Handlers\FileHandler' driver.
INFO - 2025-08-06 01:39:18 --> OTP email sent successfully to: egasuryaaaaa@gmail.com
INFO - 2025-08-06 01:39:18 --> === VERIFY METHOD ACCESSED ===
INFO - 2025-08-06 01:39:18 --> Request method: GET
INFO - 2025-08-06 01:39:18 --> Request URI: http://localhost/manajemenuser/index.php/register/verify
INFO - 2025-08-06 01:39:18 --> POST data: []
DEBUG - 2025-08-06 01:39:18 --> Session: Class initialized using 'CodeIgniter\Session\Handlers\FileHandler' driver.
INFO - 2025-08-06 01:39:18 --> Register data from session: {"email":"egasuryaaaaa@gmail.com","username":"surhasd","nama_lengkap":"eansuda","password":"$2y$10$5ElKX0KriIfMm4Y1affH3.WdGuORv4x5n5TUIVcE1bFVWIIBn69Vq"}
INFO - 2025-08-06 01:39:18 --> Displaying OTP verification form
INFO - 2025-08-06 01:39:46 --> CSRF token verified.
INFO - 2025-08-06 01:39:46 --> === VERIFY METHOD ACCESSED ===
INFO - 2025-08-06 01:39:46 --> Request method: POST
INFO - 2025-08-06 01:39:46 --> Request URI: http://localhost/manajemenuser/index.php/register/verify
INFO - 2025-08-06 01:39:46 --> POST data: {"otp":"354324"}
DEBUG - 2025-08-06 01:39:46 --> Session: Class initialized using 'CodeIgniter\Session\Handlers\FileHandler' driver.
INFO - 2025-08-06 01:39:46 --> Register data from session: {"email":"egasuryaaaaa@gmail.com","username":"surhasd","nama_lengkap":"eansuda","password":"$2y$10$5ElKX0KriIfMm4Y1affH3.WdGuORv4x5n5TUIVcE1bFVWIIBn69Vq"}
INFO - 2025-08-06 01:39:46 --> POST request detected for OTP verification
INFO - 2025-08-06 01:39:46 --> OTP verification attempt for email: egasuryaaaaa@gmail.com with OTP: 354324
INFO - 2025-08-06 01:39:46 --> All OTP records for email egasuryaaaaa@gmail.com: [{"id":"13","email":"egasuryaaaaa@gmail.com","otp":"504910","expires_at":"2025-08-06 01:49:14","created_at":"2025-08-06 08:39:14.675338"}]
INFO - 2025-08-06 01:39:46 --> OTP record found: null
ERROR - 2025-08-06 01:39:46 --> OTP verification failed: OTP not found for email egasuryaaaaa@gmail.com with OTP 354324
INFO - 2025-08-06 01:39:48 --> === VERIFY METHOD ACCESSED ===
INFO - 2025-08-06 01:39:48 --> Request method: GET
INFO - 2025-08-06 01:39:48 --> Request URI: http://localhost/manajemenuser/index.php/register/verify
INFO - 2025-08-06 01:39:48 --> POST data: []
DEBUG - 2025-08-06 01:39:48 --> Session: Class initialized using 'CodeIgniter\Session\Handlers\FileHandler' driver.
INFO - 2025-08-06 01:39:48 --> Register data from session: {"email":"egasuryaaaaa@gmail.com","username":"surhasd","nama_lengkap":"eansuda","password":"$2y$10$5ElKX0KriIfMm4Y1affH3.WdGuORv4x5n5TUIVcE1bFVWIIBn69Vq"}
INFO - 2025-08-06 01:39:48 --> Displaying OTP verification form
