INFO - 2025-08-04 02:08:32 --> CSRF token verified.
INFO - 2025-08-04 02:08:33 --> CSRF token verified.
INFO - 2025-08-04 02:08:33 --> CSRF token verified.
INFO - 2025-08-04 02:08:33 --> CSRF token verified.
INFO - 2025-08-04 02:08:34 --> CSRF token verified.
INFO - 2025-08-04 02:08:34 --> CSRF token verified.
INFO - 2025-08-04 02:08:34 --> CSRF token verified.
INFO - 2025-08-04 02:08:34 --> CSRF token verified.
INFO - 2025-08-04 02:08:39 --> CSRF token verified.
INFO - 2025-08-04 02:08:40 --> CSRF token verified.
INFO - 2025-08-04 02:08:40 --> CSRF token verified.
INFO - 2025-08-04 02:08:40 --> CSRF token verified.
INFO - 2025-08-04 02:08:40 --> CSRF token verified.
INFO - 2025-08-04 07:20:25 --> CSRF token verified.
INFO - 2025-08-04 07:20:26 --> CSRF token verified.
DEBUG - 2025-08-04 08:11:41 --> Session: Class initialized using 'CodeIgniter\Session\Handlers\FileHandler' driver.
DEBUG - 2025-08-04 08:11:41 --> Session: Class initialized using 'CodeIgniter\Session\Handlers\FileHandler' driver.
DEBUG - 2025-08-04 08:11:46 --> Session: Class initialized using 'CodeIgniter\Session\Handlers\FileHandler' driver.
DEBUG - 2025-08-04 08:11:46 --> Session: Class initialized using 'CodeIgniter\Session\Handlers\FileHandler' driver.
INFO - 2025-08-04 08:12:24 --> CSRF token verified.
INFO - 2025-08-04 08:12:25 --> CSRF token verified.
INFO - 2025-08-04 08:12:25 --> CSRF token verified.
INFO - 2025-08-04 08:12:26 --> CSRF token verified.
INFO - 2025-08-04 08:12:26 --> CSRF token verified.
INFO - 2025-08-04 08:12:27 --> CSRF token verified.
DEBUG - 2025-08-04 08:12:27 --> Session: Class initialized using 'CodeIgniter\Session\Handlers\FileHandler' driver.
CRITICAL - 2025-08-04 08:12:28 --> CodeIgniter\Security\Exceptions\SecurityException: The action you requested is not allowed.
[Method: POST, Route: trxlogin]
in SYSTEMPATH\Security\Security.php on line 262.
 1 SYSTEMPATH\Security\Security.php(262): CodeIgniter\Security\Exceptions\SecurityException::forDisallowedAction()
 2 SYSTEMPATH\Filters\CSRF.php(52): CodeIgniter\Security\Security->verify(Object(CodeIgniter\HTTP\IncomingRequest))
 3 SYSTEMPATH\Filters\Filters.php(241): CodeIgniter\Filters\CSRF->before(Object(CodeIgniter\HTTP\IncomingRequest), null)
 4 SYSTEMPATH\Filters\Filters.php(221): CodeIgniter\Filters\Filters->runBefore([...])
 5 SYSTEMPATH\CodeIgniter.php(479): CodeIgniter\Filters\Filters->run('trxlogin', 'before')
 6 SYSTEMPATH\CodeIgniter.php(354): CodeIgniter\CodeIgniter->handleRequest(null, Object(Config\Cache), false)
 7 SYSTEMPATH\Boot.php(334): CodeIgniter\CodeIgniter->run()
 8 SYSTEMPATH\Boot.php(67): CodeIgniter\Boot::runCodeIgniter(Object(CodeIgniter\CodeIgniter))
 9 FCPATH\index.php(60): CodeIgniter\Boot::bootWeb(Object(Config\Paths))
INFO - 2025-08-04 08:13:37 --> CSRF token verified.
INFO - 2025-08-04 08:13:39 --> CSRF token verified.
INFO - 2025-08-04 08:13:40 --> CSRF token verified.
INFO - 2025-08-04 08:13:41 --> CSRF token verified.
INFO - 2025-08-04 08:13:42 --> CSRF token verified.
INFO - 2025-08-04 08:13:44 --> CSRF token verified.
DEBUG - 2025-08-04 08:13:44 --> Session: Class initialized using 'CodeIgniter\Session\Handlers\FileHandler' driver.
CRITICAL - 2025-08-04 08:13:48 --> CodeIgniter\Security\Exceptions\SecurityException: The action you requested is not allowed.
[Method: POST, Route: trxlogin]
in SYSTEMPATH\Security\Security.php on line 262.
 1 SYSTEMPATH\Security\Security.php(262): CodeIgniter\Security\Exceptions\SecurityException::forDisallowedAction()
 2 SYSTEMPATH\Filters\CSRF.php(52): CodeIgniter\Security\Security->verify(Object(CodeIgniter\HTTP\IncomingRequest))
 3 SYSTEMPATH\Filters\Filters.php(241): CodeIgniter\Filters\CSRF->before(Object(CodeIgniter\HTTP\IncomingRequest), null)
 4 SYSTEMPATH\Filters\Filters.php(221): CodeIgniter\Filters\Filters->runBefore([...])
 5 SYSTEMPATH\CodeIgniter.php(479): CodeIgniter\Filters\Filters->run('trxlogin', 'before')
 6 SYSTEMPATH\CodeIgniter.php(354): CodeIgniter\CodeIgniter->handleRequest(null, Object(Config\Cache), false)
 7 SYSTEMPATH\Boot.php(334): CodeIgniter\CodeIgniter->run()
 8 SYSTEMPATH\Boot.php(67): CodeIgniter\Boot::runCodeIgniter(Object(CodeIgniter\CodeIgniter))
 9 FCPATH\index.php(60): CodeIgniter\Boot::bootWeb(Object(Config\Paths))
INFO - 2025-08-04 08:14:43 --> CSRF token verified.
INFO - 2025-08-04 08:14:45 --> CSRF token verified.
INFO - 2025-08-04 08:14:46 --> CSRF token verified.
INFO - 2025-08-04 08:14:47 --> CSRF token verified.
INFO - 2025-08-04 08:14:48 --> CSRF token verified.
INFO - 2025-08-04 08:14:48 --> CSRF token verified.
DEBUG - 2025-08-04 08:14:49 --> Session: Class initialized using 'CodeIgniter\Session\Handlers\FileHandler' driver.
DEBUG - 2025-08-04 08:14:49 --> Session: Class initialized using 'CodeIgniter\Session\Handlers\FileHandler' driver.
INFO - 2025-08-04 08:15:14 --> CSRF token verified.
INFO - 2025-08-04 08:15:15 --> CSRF token verified.
INFO - 2025-08-04 08:15:16 --> CSRF token verified.
INFO - 2025-08-04 08:15:17 --> CSRF token verified.
INFO - 2025-08-04 08:15:18 --> CSRF token verified.
INFO - 2025-08-04 08:15:19 --> CSRF token verified.
DEBUG - 2025-08-04 08:15:19 --> Session: Class initialized using 'CodeIgniter\Session\Handlers\FileHandler' driver.
DEBUG - 2025-08-04 08:15:20 --> Session: Class initialized using 'CodeIgniter\Session\Handlers\FileHandler' driver.
INFO - 2025-08-04 08:15:26 --> CSRF token verified.
INFO - 2025-08-04 08:15:28 --> CSRF token verified.
INFO - 2025-08-04 08:15:29 --> CSRF token verified.
INFO - 2025-08-04 08:15:30 --> CSRF token verified.
INFO - 2025-08-04 08:15:31 --> CSRF token verified.
INFO - 2025-08-04 08:15:32 --> CSRF token verified.
DEBUG - 2025-08-04 08:15:32 --> Session: Class initialized using 'CodeIgniter\Session\Handlers\FileHandler' driver.
DEBUG - 2025-08-04 08:15:33 --> Session: Class initialized using 'CodeIgniter\Session\Handlers\FileHandler' driver.
DEBUG - 2025-08-04 09:13:28 --> Session: Class initialized using 'CodeIgniter\Session\Handlers\FileHandler' driver.
