INFO - 2025-08-02 00:01:10 --> CSRF token verified.
INFO - 2025-08-02 00:02:37 --> CSRF token verified.
INFO - 2025-08-02 00:03:55 --> CSRF token verified.
INFO - 2025-08-02 00:03:58 --> CSRF token verified.
INFO - 2025-08-02 00:03:59 --> CSRF token verified.
INFO - 2025-08-02 00:04:00 --> CSRF token verified.
INFO - 2025-08-02 00:04:02 --> CSRF token verified.
INFO - 2025-08-02 00:04:03 --> CSRF token verified.
DEBUG - 2025-08-02 00:04:03 --> Session: Class initialized using 'CodeIgniter\Session\Handlers\FileHandler' driver.
DEBUG - 2025-08-02 00:04:03 --> Session: Class initialized using 'CodeIgniter\Session\Handlers\FileHandler' driver.
DEBUG - 2025-08-02 00:28:04 --> Session: Class initialized using 'CodeIgniter\Session\Handlers\FileHandler' driver.
DEBUG - 2025-08-02 00:35:40 --> Session: Class initialized using 'CodeIgniter\Session\Handlers\FileHandler' driver.
INFO - 2025-08-02 00:36:09 --> CSRF token verified.
INFO - 2025-08-02 00:41:48 --> CSRF token verified.
INFO - 2025-08-02 00:41:50 --> CSRF token verified.
INFO - 2025-08-02 00:41:51 --> CSRF token verified.
INFO - 2025-08-02 00:41:52 --> CSRF token verified.
INFO - 2025-08-02 00:41:53 --> CSRF token verified.
DEBUG - 2025-08-02 00:41:53 --> Session: Class initialized using 'CodeIgniter\Session\Handlers\FileHandler' driver.
INFO - 2025-08-02 00:42:52 --> CSRF token verified.
INFO - 2025-08-02 00:42:53 --> CSRF token verified.
INFO - 2025-08-02 00:42:54 --> CSRF token verified.
INFO - 2025-08-02 00:42:56 --> CSRF token verified.
INFO - 2025-08-02 00:42:57 --> CSRF token verified.
INFO - 2025-08-02 00:42:59 --> CSRF token verified.
DEBUG - 2025-08-02 00:42:59 --> Session: Class initialized using 'CodeIgniter\Session\Handlers\FileHandler' driver.
DEBUG - 2025-08-02 00:43:34 --> Session: Class initialized using 'CodeIgniter\Session\Handlers\FileHandler' driver.
INFO - 2025-08-02 13:45:22 --> CSRF token verified.
INFO - 2025-08-02 13:45:27 --> CSRF token verified.
INFO - 2025-08-02 13:45:27 --> CSRF token verified.
INFO - 2025-08-02 13:45:28 --> CSRF token verified.
INFO - 2025-08-02 13:45:28 --> CSRF token verified.
INFO - 2025-08-02 13:45:29 --> CSRF token verified.
INFO - 2025-08-02 13:45:30 --> CSRF token verified.
INFO - 2025-08-02 13:45:30 --> CSRF token verified.
INFO - 2025-08-02 13:45:37 --> CSRF token verified.
INFO - 2025-08-02 13:45:37 --> CSRF token verified.
INFO - 2025-08-02 13:47:13 --> CSRF token verified.
INFO - 2025-08-02 13:47:14 --> CSRF token verified.
INFO - 2025-08-02 13:47:15 --> CSRF token verified.
INFO - 2025-08-02 13:47:15 --> CSRF token verified.
DEBUG - 2025-08-02 13:47:15 --> Session: Class initialized using 'CodeIgniter\Session\Handlers\FileHandler' driver.
INFO - 2025-08-02 13:47:15 --> CSRF token verified.
DEBUG - 2025-08-02 13:47:15 --> Session: Class initialized using 'CodeIgniter\Session\Handlers\FileHandler' driver.
INFO - 2025-08-02 13:47:15 --> CSRF token verified.
DEBUG - 2025-08-02 13:47:15 --> Session: Class initialized using 'CodeIgniter\Session\Handlers\FileHandler' driver.
INFO - 2025-08-02 13:47:15 --> CSRF token verified.
DEBUG - 2025-08-02 13:47:15 --> Session: Class initialized using 'CodeIgniter\Session\Handlers\FileHandler' driver.
DEBUG - 2025-08-02 13:47:15 --> Session: Class initialized using 'CodeIgniter\Session\Handlers\FileHandler' driver.
CRITICAL - 2025-08-02 13:47:15 --> CodeIgniter\Security\Exceptions\SecurityException: The action you requested is not allowed.
[Method: POST, Route: trxlogin]
in SYSTEMPATH\Security\Security.php on line 262.
 1 SYSTEMPATH\Security\Security.php(262): CodeIgniter\Security\Exceptions\SecurityException::forDisallowedAction()
 2 SYSTEMPATH\Filters\CSRF.php(52): CodeIgniter\Security\Security->verify(Object(CodeIgniter\HTTP\IncomingRequest))
 3 SYSTEMPATH\Filters\Filters.php(241): CodeIgniter\Filters\CSRF->before(Object(CodeIgniter\HTTP\IncomingRequest), null)
 4 SYSTEMPATH\Filters\Filters.php(221): CodeIgniter\Filters\Filters->runBefore([...])
 5 SYSTEMPATH\CodeIgniter.php(479): CodeIgniter\Filters\Filters->run('trxlogin', 'before')
 6 SYSTEMPATH\CodeIgniter.php(354): CodeIgniter\CodeIgniter->handleRequest(null, Object(Config\Cache), false)
 7 SYSTEMPATH\Boot.php(334): CodeIgniter\CodeIgniter->run()
 8 SYSTEMPATH\Boot.php(67): CodeIgniter\Boot::runCodeIgniter(Object(CodeIgniter\CodeIgniter))
 9 FCPATH\index.php(60): CodeIgniter\Boot::bootWeb(Object(Config\Paths))
DEBUG - 2025-08-02 13:47:16 --> Session: Class initialized using 'CodeIgniter\Session\Handlers\FileHandler' driver.
CRITICAL - 2025-08-02 13:47:16 --> CodeIgniter\Security\Exceptions\SecurityException: The action you requested is not allowed.
[Method: POST, Route: trxlogin]
in SYSTEMPATH\Security\Security.php on line 262.
 1 SYSTEMPATH\Security\Security.php(262): CodeIgniter\Security\Exceptions\SecurityException::forDisallowedAction()
 2 SYSTEMPATH\Filters\CSRF.php(52): CodeIgniter\Security\Security->verify(Object(CodeIgniter\HTTP\IncomingRequest))
 3 SYSTEMPATH\Filters\Filters.php(241): CodeIgniter\Filters\CSRF->before(Object(CodeIgniter\HTTP\IncomingRequest), null)
 4 SYSTEMPATH\Filters\Filters.php(221): CodeIgniter\Filters\Filters->runBefore([...])
 5 SYSTEMPATH\CodeIgniter.php(479): CodeIgniter\Filters\Filters->run('trxlogin', 'before')
 6 SYSTEMPATH\CodeIgniter.php(354): CodeIgniter\CodeIgniter->handleRequest(null, Object(Config\Cache), false)
 7 SYSTEMPATH\Boot.php(334): CodeIgniter\CodeIgniter->run()
 8 SYSTEMPATH\Boot.php(67): CodeIgniter\Boot::runCodeIgniter(Object(CodeIgniter\CodeIgniter))
 9 FCPATH\index.php(60): CodeIgniter\Boot::bootWeb(Object(Config\Paths))
DEBUG - 2025-08-02 13:47:16 --> Session: Class initialized using 'CodeIgniter\Session\Handlers\FileHandler' driver.
CRITICAL - 2025-08-02 13:47:16 --> CodeIgniter\Security\Exceptions\SecurityException: The action you requested is not allowed.
[Method: POST, Route: trxlogin]
in SYSTEMPATH\Security\Security.php on line 262.
 1 SYSTEMPATH\Security\Security.php(262): CodeIgniter\Security\Exceptions\SecurityException::forDisallowedAction()
 2 SYSTEMPATH\Filters\CSRF.php(52): CodeIgniter\Security\Security->verify(Object(CodeIgniter\HTTP\IncomingRequest))
 3 SYSTEMPATH\Filters\Filters.php(241): CodeIgniter\Filters\CSRF->before(Object(CodeIgniter\HTTP\IncomingRequest), null)
 4 SYSTEMPATH\Filters\Filters.php(221): CodeIgniter\Filters\Filters->runBefore([...])
 5 SYSTEMPATH\CodeIgniter.php(479): CodeIgniter\Filters\Filters->run('trxlogin', 'before')
 6 SYSTEMPATH\CodeIgniter.php(354): CodeIgniter\CodeIgniter->handleRequest(null, Object(Config\Cache), false)
 7 SYSTEMPATH\Boot.php(334): CodeIgniter\CodeIgniter->run()
 8 SYSTEMPATH\Boot.php(67): CodeIgniter\Boot::runCodeIgniter(Object(CodeIgniter\CodeIgniter))
 9 FCPATH\index.php(60): CodeIgniter\Boot::bootWeb(Object(Config\Paths))
DEBUG - 2025-08-02 13:47:16 --> Session: Class initialized using 'CodeIgniter\Session\Handlers\FileHandler' driver.
CRITICAL - 2025-08-02 13:47:16 --> CodeIgniter\Security\Exceptions\SecurityException: The action you requested is not allowed.
[Method: POST, Route: trxlogin]
in SYSTEMPATH\Security\Security.php on line 262.
 1 SYSTEMPATH\Security\Security.php(262): CodeIgniter\Security\Exceptions\SecurityException::forDisallowedAction()
 2 SYSTEMPATH\Filters\CSRF.php(52): CodeIgniter\Security\Security->verify(Object(CodeIgniter\HTTP\IncomingRequest))
 3 SYSTEMPATH\Filters\Filters.php(241): CodeIgniter\Filters\CSRF->before(Object(CodeIgniter\HTTP\IncomingRequest), null)
 4 SYSTEMPATH\Filters\Filters.php(221): CodeIgniter\Filters\Filters->runBefore([...])
 5 SYSTEMPATH\CodeIgniter.php(479): CodeIgniter\Filters\Filters->run('trxlogin', 'before')
 6 SYSTEMPATH\CodeIgniter.php(354): CodeIgniter\CodeIgniter->handleRequest(null, Object(Config\Cache), false)
 7 SYSTEMPATH\Boot.php(334): CodeIgniter\CodeIgniter->run()
 8 SYSTEMPATH\Boot.php(67): CodeIgniter\Boot::runCodeIgniter(Object(CodeIgniter\CodeIgniter))
 9 FCPATH\index.php(60): CodeIgniter\Boot::bootWeb(Object(Config\Paths))
CRITICAL - 2025-08-02 13:47:16 --> CodeIgniter\Security\Exceptions\SecurityException: The action you requested is not allowed.
[Method: POST, Route: trxlogin]
in SYSTEMPATH\Security\Security.php on line 262.
 1 SYSTEMPATH\Security\Security.php(262): CodeIgniter\Security\Exceptions\SecurityException::forDisallowedAction()
 2 SYSTEMPATH\Filters\CSRF.php(52): CodeIgniter\Security\Security->verify(Object(CodeIgniter\HTTP\IncomingRequest))
 3 SYSTEMPATH\Filters\Filters.php(241): CodeIgniter\Filters\CSRF->before(Object(CodeIgniter\HTTP\IncomingRequest), null)
 4 SYSTEMPATH\Filters\Filters.php(221): CodeIgniter\Filters\Filters->runBefore([...])
 5 SYSTEMPATH\CodeIgniter.php(479): CodeIgniter\Filters\Filters->run('trxlogin', 'before')
 6 SYSTEMPATH\CodeIgniter.php(354): CodeIgniter\CodeIgniter->handleRequest(null, Object(Config\Cache), false)
 7 SYSTEMPATH\Boot.php(334): CodeIgniter\CodeIgniter->run()
 8 SYSTEMPATH\Boot.php(67): CodeIgniter\Boot::runCodeIgniter(Object(CodeIgniter\CodeIgniter))
 9 FCPATH\index.php(60): CodeIgniter\Boot::bootWeb(Object(Config\Paths))
CRITICAL - 2025-08-02 13:47:16 --> CodeIgniter\Security\Exceptions\SecurityException: The action you requested is not allowed.
[Method: POST, Route: trxlogin]
in SYSTEMPATH\Security\Security.php on line 262.
 1 SYSTEMPATH\Security\Security.php(262): CodeIgniter\Security\Exceptions\SecurityException::forDisallowedAction()
 2 SYSTEMPATH\Filters\CSRF.php(52): CodeIgniter\Security\Security->verify(Object(CodeIgniter\HTTP\IncomingRequest))
 3 SYSTEMPATH\Filters\Filters.php(241): CodeIgniter\Filters\CSRF->before(Object(CodeIgniter\HTTP\IncomingRequest), null)
 4 SYSTEMPATH\Filters\Filters.php(221): CodeIgniter\Filters\Filters->runBefore([...])
 5 SYSTEMPATH\CodeIgniter.php(479): CodeIgniter\Filters\Filters->run('trxlogin', 'before')
 6 SYSTEMPATH\CodeIgniter.php(354): CodeIgniter\CodeIgniter->handleRequest(null, Object(Config\Cache), false)
 7 SYSTEMPATH\Boot.php(334): CodeIgniter\CodeIgniter->run()
 8 SYSTEMPATH\Boot.php(67): CodeIgniter\Boot::runCodeIgniter(Object(CodeIgniter\CodeIgniter))
 9 FCPATH\index.php(60): CodeIgniter\Boot::bootWeb(Object(Config\Paths))
DEBUG - 2025-08-02 13:47:30 --> Session: Class initialized using 'CodeIgniter\Session\Handlers\FileHandler' driver.
DEBUG - 2025-08-02 13:47:31 --> Session: Class initialized using 'CodeIgniter\Session\Handlers\FileHandler' driver.
INFO - 2025-08-02 13:47:46 --> CSRF token verified.
INFO - 2025-08-02 13:48:43 --> CSRF token verified.
INFO - 2025-08-02 13:49:11 --> CSRF token verified.
INFO - 2025-08-02 13:49:36 --> CSRF token verified.
INFO - 2025-08-02 13:50:01 --> CSRF token verified.
INFO - 2025-08-02 13:50:15 --> CSRF token verified.
INFO - 2025-08-02 13:50:36 --> CSRF token verified.
INFO - 2025-08-02 13:51:18 --> CSRF token verified.
INFO - 2025-08-02 13:51:20 --> CSRF token verified.
INFO - 2025-08-02 13:51:21 --> CSRF token verified.
INFO - 2025-08-02 13:51:23 --> CSRF token verified.
INFO - 2025-08-02 13:51:24 --> CSRF token verified.
INFO - 2025-08-02 13:51:25 --> CSRF token verified.
INFO - 2025-08-02 13:51:26 --> CSRF token verified.
INFO - 2025-08-02 13:51:27 --> CSRF token verified.
INFO - 2025-08-02 13:51:29 --> CSRF token verified.
INFO - 2025-08-02 13:51:30 --> CSRF token verified.
INFO - 2025-08-02 13:51:31 --> CSRF token verified.
INFO - 2025-08-02 13:51:32 --> CSRF token verified.
INFO - 2025-08-02 13:51:33 --> CSRF token verified.
INFO - 2025-08-02 13:51:34 --> CSRF token verified.
INFO - 2025-08-02 13:51:36 --> CSRF token verified.
INFO - 2025-08-02 13:51:37 --> CSRF token verified.
INFO - 2025-08-02 13:51:39 --> CSRF token verified.
INFO - 2025-08-02 13:52:07 --> CSRF token verified.
INFO - 2025-08-02 13:52:09 --> CSRF token verified.
INFO - 2025-08-02 13:52:10 --> CSRF token verified.
INFO - 2025-08-02 13:52:11 --> CSRF token verified.
INFO - 2025-08-02 13:52:43 --> CSRF token verified.
INFO - 2025-08-02 13:52:44 --> CSRF token verified.
INFO - 2025-08-02 13:52:46 --> CSRF token verified.
INFO - 2025-08-02 13:52:47 --> CSRF token verified.
INFO - 2025-08-02 13:53:21 --> CSRF token verified.
INFO - 2025-08-02 13:53:23 --> CSRF token verified.
INFO - 2025-08-02 13:53:24 --> CSRF token verified.
INFO - 2025-08-02 13:56:14 --> CSRF token verified.
INFO - 2025-08-02 13:56:16 --> CSRF token verified.
INFO - 2025-08-02 13:56:28 --> CSRF token verified.
INFO - 2025-08-02 13:56:29 --> CSRF token verified.
INFO - 2025-08-02 13:56:30 --> CSRF token verified.
INFO - 2025-08-02 13:56:58 --> CSRF token verified.
INFO - 2025-08-02 13:57:00 --> CSRF token verified.
INFO - 2025-08-02 13:57:02 --> CSRF token verified.
INFO - 2025-08-02 13:57:03 --> CSRF token verified.
INFO - 2025-08-02 13:57:06 --> CSRF token verified.
INFO - 2025-08-02 13:57:16 --> CSRF token verified.
INFO - 2025-08-02 13:57:17 --> CSRF token verified.
INFO - 2025-08-02 13:57:17 --> CSRF token verified.
INFO - 2025-08-02 13:57:19 --> CSRF token verified.
INFO - 2025-08-02 13:57:20 --> CSRF token verified.
INFO - 2025-08-02 13:57:20 --> CSRF token verified.
INFO - 2025-08-02 13:57:21 --> CSRF token verified.
INFO - 2025-08-02 14:00:57 --> CSRF token verified.
INFO - 2025-08-02 14:01:08 --> CSRF token verified.
INFO - 2025-08-02 14:01:10 --> CSRF token verified.
INFO - 2025-08-02 14:01:11 --> CSRF token verified.
INFO - 2025-08-02 14:08:53 --> CSRF token verified.
INFO - 2025-08-02 14:08:54 --> CSRF token verified.
INFO - 2025-08-02 14:08:55 --> CSRF token verified.
INFO - 2025-08-02 14:08:55 --> CSRF token verified.
INFO - 2025-08-02 14:08:55 --> CSRF token verified.
INFO - 2025-08-02 14:08:55 --> CSRF token verified.
INFO - 2025-08-02 14:08:55 --> CSRF token verified.
